<?xml version="1.0" encoding="UTF-8"?>
<!-- Generated by org.testng.reporters.JUnitXMLReporter -->
<testsuite ignored="0" hostname="STECH-Mallik" failures="0" tests="9" name="Default test" time="112.953" errors="0" timestamp="2021-07-09T12:35:45 IST">
  <testcase classname="com.org.testcases.BookingActivityPageTest" name="loginApp" time="3.327"/>
  <testcase classname="com.org.testcases.BookingActivityPageTest" name="searchItemTest" time="10.712"/>
  <testcase classname="com.org.testcases.BookingActivityPageTest" name="invoiceSearchTextBoxStringDataTest" time="0.972"/>
  <testcase classname="com.org.testcases.BookingActivityPageTest" name="invoiceSearchTextBoxIntegerDataTest" time="12.491"/>
  <testcase classname="com.org.testcases.BookingActivityPageTest" name="SearchTextBoxBlankDataTest" time="8.433"/>
  <testcase classname="com.org.testcases.BookingActivityPageTest" name="invoiceSearchTextBoxSpecialCharacterTest" time="0.872"/>
  <testcase classname="com.org.testcases.BookingActivityPageTest" name="invoiceSearchTextBoxCorrectDataTest" time="5.179"/>
  <testcase classname="com.org.testcases.BookingActivityPageTest" name="generateInvoiceTest" time="36.665"/>
  <testcase classname="com.org.testcases.BookingActivityPageTest" name="generateCreditNotesTest" time="27.555"/>
</testsuite> <!-- Default test -->
